# JRE version: OpenJDK Runtime Environment (8.0_242-b01) (build 1.8.0_242-release-1644-b01)
# Java VM: OpenJDK 64-Bit Server VM (25.242-b01 mixed mode windows-amd64 compressed oops)
Heap:
 PSYoungGen      total 301568K, used 79991K [0x00000000d5580000, 0x00000000e9500000, 0x0000000100000000)
  eden space 278016K, 22% used [0x00000000d5580000,0x00000000d92ebc88,0x00000000e6500000)
  from space 23552K, 72% used [0x00000000e7e00000,0x00000000e8eb2040,0x00000000e9500000)
  to   space 24576K, 0% used [0x00000000e6500000,0x00000000e6500000,0x00000000e7d00000)
 ParOldGen       total 196096K, used 49909K [0x0000000080000000, 0x000000008bf80000, 0x00000000d5580000)
  object space 196096K, 25% used [0x0000000080000000,0x00000000830bd438,0x000000008bf80000)
 Metaspace       used 77677K, capacity 81998K, committed 82264K, reserved 1120256K
  class space    used 10551K, capacity 11362K, committed 11392K, reserved 1048576K
GC Heap History (10 events):
Event: 7.465 GC heap before
{Heap before GC invocations=11 (full 2):
 PSYoungGen      total 185344K, used 185228K [0x00000000d5580000, 0x00000000e2300000, 0x0000000100000000)
  eden space 173568K, 100% used [0x00000000d5580000,0x00000000dff00000,0x00000000dff00000)
  from space 11776K, 99% used [0x00000000e1780000,0x00000000e22e33f0,0x00000000e2300000)
  to   space 14848K, 0% used [0x00000000e0600000,0x00000000e0600000,0x00000000e1480000)
 ParOldGen       total 131072K, used 16732K [0x0000000080000000, 0x0000000088000000, 0x00000000d5580000)
  object space 131072K, 12% used [0x0000000080000000,0x0000000081057158,0x0000000088000000)
 Metaspace       used 51757K, capacity 54036K, committed 54232K, reserved 1095680K
  class space    used 6897K, capacity 7371K, committed 7424K, reserved 1048576K
Event: 7.477 GC heap after
Heap after GC invocations=11 (full 2):
 PSYoungGen      total 195584K, used 14828K [0x00000000d5580000, 0x00000000e5c00000, 0x0000000100000000)
  eden space 180736K, 0% used [0x00000000d5580000,0x00000000d5580000,0x00000000e0600000)
  from space 14848K, 99% used [0x00000000e0600000,0x00000000e147b310,0x00000000e1480000)
  to   space 19968K, 0% used [0x00000000e4880000,0x00000000e4880000,0x00000000e5c00000)
 ParOldGen       total 131072K, used 25632K [0x0000000080000000, 0x0000000088000000, 0x00000000d5580000)
  object space 131072K, 19% used [0x0000000080000000,0x0000000081908028,0x0000000088000000)
 Metaspace       used 51757K, capacity 54036K, committed 54232K, reserved 1095680K
  class space    used 6897K, capacity 7371K, committed 7424K, reserved 1048576K
}
Event: 8.131 GC heap before
{Heap before GC invocations=12 (full 2):
 PSYoungGen      total 195584K, used 60282K [0x00000000d5580000, 0x00000000e5c00000, 0x0000000100000000)
  eden space 180736K, 25% used [0x00000000d5580000,0x00000000d81e3850,0x00000000e0600000)
  from space 14848K, 99% used [0x00000000e0600000,0x00000000e147b310,0x00000000e1480000)
  to   space 19968K, 0% used [0x00000000e4880000,0x00000000e4880000,0x00000000e5c00000)
 ParOldGen       total 131072K, used 25632K [0x0000000080000000, 0x0000000088000000, 0x00000000d5580000)
  object space 131072K, 19% used [0x0000000080000000,0x0000000081908028,0x0000000088000000)
 Metaspace       used 56625K, capacity 58956K, committed 59028K, reserved 1099776K
  class space    used 7446K, capacity 7931K, committed 7936K, reserved 1048576K
Event: 8.141 GC heap after
Heap after GC invocations=12 (full 2):
 PSYoungGen      total 247808K, used 16079K [0x00000000d5580000, 0x00000000e6680000, 0x0000000100000000)
  eden space 227840K, 0% used [0x00000000d5580000,0x00000000d5580000,0x00000000e3400000)
  from space 19968K, 80% used [0x00000000e4880000,0x00000000e5833f98,0x00000000e5c00000)
  to   space 20992K, 0% used [0x00000000e3400000,0x00000000e3400000,0x00000000e4880000)
 ParOldGen       total 131072K, used 30237K [0x0000000080000000, 0x0000000088000000, 0x00000000d5580000)
  object space 131072K, 23% used [0x0000000080000000,0x0000000081d87798,0x0000000088000000)
 Metaspace       used 56625K, capacity 58956K, committed 59028K, reserved 1099776K
  class space    used 7446K, capacity 7931K, committed 7936K, reserved 1048576K
}
Event: 8.141 GC heap before
{Heap before GC invocations=13 (full 3):
 PSYoungGen      total 247808K, used 16079K [0x00000000d5580000, 0x00000000e6680000, 0x0000000100000000)
  eden space 227840K, 0% used [0x00000000d5580000,0x00000000d5580000,0x00000000e3400000)
  from space 19968K, 80% used [0x00000000e4880000,0x00000000e5833f98,0x00000000e5c00000)
  to   space 20992K, 0% used [0x00000000e3400000,0x00000000e3400000,0x00000000e4880000)
 ParOldGen       total 131072K, used 30237K [0x0000000080000000, 0x0000000088000000, 0x00000000d5580000)
  object space 131072K, 23% used [0x0000000080000000,0x0000000081d87798,0x0000000088000000)
 Metaspace       used 56625K, capacity 58956K, committed 59028K, reserved 1099776K
  class space    used 7446K, capacity 7931K, committed 7936K, reserved 1048576K
Event: 8.303 GC heap after
Heap after GC invocations=13 (full 3):
 PSYoungGen      total 247808K, used 0K [0x00000000d5580000, 0x00000000e6680000, 0x0000000100000000)
  eden space 227840K, 0% used [0x00000000d5580000,0x00000000d5580000,0x00000000e3400000)
  from space 19968K, 0% used [0x00000000e4880000,0x00000000e4880000,0x00000000e5c00000)
  to   space 20992K, 0% used [0x00000000e3400000,0x00000000e3400000,0x00000000e4880000)
 ParOldGen       total 196096K, used 36393K [0x0000000080000000, 0x000000008bf80000, 0x00000000d5580000)
  object space 196096K, 18% used [0x0000000080000000,0x000000008238a538,0x000000008bf80000)
 Metaspace       used 56552K, capacity 58728K, committed 59028K, reserved 1099776K
  class space    used 7423K, capacity 7890K, committed 7936K, reserved 1048576K
}
Event: 10.044 GC heap before
{Heap before GC invocations=14 (full 3):
 PSYoungGen      total 247808K, used 227840K [0x00000000d5580000, 0x00000000e6680000, 0x0000000100000000)
  eden space 227840K, 100% used [0x00000000d5580000,0x00000000e3400000,0x00000000e3400000)
  from space 19968K, 0% used [0x00000000e4880000,0x00000000e4880000,0x00000000e5c00000)
  to   space 20992K, 0% used [0x00000000e3400000,0x00000000e3400000,0x00000000e4880000)
 ParOldGen       total 196096K, used 36393K [0x0000000080000000, 0x000000008bf80000, 0x00000000d5580000)
  object space 196096K, 18% used [0x0000000080000000,0x000000008238a538,0x000000008bf80000)
 Metaspace       used 68873K, capacity 71810K, committed 72152K, reserved 1112064K
  class space    used 9304K, capacity 9885K, committed 9984K, reserved 1048576K
Event: 10.062 GC heap after
Heap after GC invocations=14 (full 3):
 PSYoungGen      total 248832K, used 20972K [0x00000000d5580000, 0x00000000e9580000, 0x0000000100000000)
  eden space 227840K, 0% used [0x00000000d5580000,0x00000000d5580000,0x00000000e3400000)
  from space 20992K, 99% used [0x00000000e3400000,0x00000000e487b150,0x00000000e4880000)
  to   space 24064K, 0% used [0x00000000e7e00000,0x00000000e7e00000,0x00000000e9580000)
 ParOldGen       total 196096K, used 37210K [0x0000000080000000, 0x000000008bf80000, 0x00000000d5580000)
  object space 196096K, 18% used [0x0000000080000000,0x0000000082456a48,0x000000008bf80000)
 Metaspace       used 68873K, capacity 71810K, committed 72152K, reserved 1112064K
  class space    used 9304K, capacity 9885K, committed 9984K, reserved 1048576K
}
Event: 11.964 GC heap before
{Heap before GC invocations=15 (full 3):
 PSYoungGen      total 248832K, used 248812K [0x00000000d5580000, 0x00000000e9580000, 0x0000000100000000)
  eden space 227840K, 100% used [0x00000000d5580000,0x00000000e3400000,0x00000000e3400000)
  from space 20992K, 99% used [0x00000000e3400000,0x00000000e487b150,0x00000000e4880000)
  to   space 24064K, 0% used [0x00000000e7e00000,0x00000000e7e00000,0x00000000e9580000)
 ParOldGen       total 196096K, used 37262K [0x0000000080000000, 0x000000008bf80000, 0x00000000d5580000)
  object space 196096K, 19% used [0x0000000080000000,0x0000000082463a88,0x000000008bf80000)
 Metaspace       used 77378K, capacity 81704K, committed 82008K, reserved 1120256K
  class space    used 10548K, capacity 11359K, committed 11392K, reserved 1048576K
Event: 11.986 GC heap after
Heap after GC invocations=15 (full 3):
 PSYoungGen      total 301568K, used 17096K [0x00000000d5580000, 0x00000000e9500000, 0x0000000100000000)
  eden space 278016K, 0% used [0x00000000d5580000,0x00000000d5580000,0x00000000e6500000)
  from space 23552K, 72% used [0x00000000e7e00000,0x00000000e8eb2040,0x00000000e9500000)
  to   space 24576K, 0% used [0x00000000e6500000,0x00000000e6500000,0x00000000e7d00000)
 ParOldGen       total 196096K, used 49909K [0x0000000080000000, 0x000000008bf80000, 0x00000000d5580000)
  object space 196096K, 25% used [0x0000000080000000,0x00000000830bd438,0x000000008bf80000)
 Metaspace       used 77378K, capacity 81704K, committed 82008K, reserved 1120256K
  class space    used 10548K, capacity 11359K, committed 11392K, reserved 1048576K
}

